mode: set
github.com/macewanCS/w24MacroHard/server/handlers/handlers.go:18.48,19.54 1 1
github.com/macewanCS/w24MacroHard/server/handlers/handlers.go:19.54,23.17 3 1
github.com/macewanCS/w24MacroHard/server/handlers/handlers.go:23.17,26.4 2 1
github.com/macewanCS/w24MacroHard/server/handlers/handlers.go:29.3,29.30 1 1
github.com/macewanCS/w24MacroHard/server/handlers/handlers.go:29.30,33.18 2 1
github.com/macewanCS/w24MacroHard/server/handlers/handlers.go:33.18,39.5 3 1
github.com/macewanCS/w24MacroHard/server/handlers/handlers.go:40.4,40.14 1 1
github.com/macewanCS/w24MacroHard/server/handlers/handlers.go:40.14,44.19 3 1
github.com/macewanCS/w24MacroHard/server/handlers/handlers.go:44.19,46.6 1 0
github.com/macewanCS/w24MacroHard/server/handlers/handlers.go:49.5,57.19 8 1
github.com/macewanCS/w24MacroHard/server/handlers/handlers.go:57.19,59.6 1 0
github.com/macewanCS/w24MacroHard/server/handlers/handlers.go:61.5,64.19 3 1
github.com/macewanCS/w24MacroHard/server/handlers/handlers.go:64.19,67.6 2 0
github.com/macewanCS/w24MacroHard/server/handlers/handlers.go:69.5,73.26 3 1
github.com/macewanCS/w24MacroHard/server/handlers/handlers.go:76.9,76.35 1 1
github.com/macewanCS/w24MacroHard/server/handlers/handlers.go:76.35,80.18 2 1
github.com/macewanCS/w24MacroHard/server/handlers/handlers.go:80.18,86.5 3 1
github.com/macewanCS/w24MacroHard/server/handlers/handlers.go:87.4,87.14 1 1
github.com/macewanCS/w24MacroHard/server/handlers/handlers.go:87.14,91.19 3 1
github.com/macewanCS/w24MacroHard/server/handlers/handlers.go:91.19,93.6 1 0
github.com/macewanCS/w24MacroHard/server/handlers/handlers.go:96.5,106.19 8 1
github.com/macewanCS/w24MacroHard/server/handlers/handlers.go:106.19,108.6 1 0
github.com/macewanCS/w24MacroHard/server/handlers/handlers.go:110.5,113.19 3 1
github.com/macewanCS/w24MacroHard/server/handlers/handlers.go:113.19,116.6 2 0
github.com/macewanCS/w24MacroHard/server/handlers/handlers.go:118.5,122.26 3 1
github.com/macewanCS/w24MacroHard/server/handlers/handlers.go:124.9,124.43 1 1
github.com/macewanCS/w24MacroHard/server/handlers/handlers.go:124.43,126.4 1 0
github.com/macewanCS/w24MacroHard/server/handlers/handlers.go:132.51,133.54 1 1
github.com/macewanCS/w24MacroHard/server/handlers/handlers.go:133.54,137.17 3 1
github.com/macewanCS/w24MacroHard/server/handlers/handlers.go:137.17,140.4 2 0
github.com/macewanCS/w24MacroHard/server/handlers/handlers.go:143.3,144.17 2 1
github.com/macewanCS/w24MacroHard/server/handlers/handlers.go:144.17,147.4 2 0
github.com/macewanCS/w24MacroHard/server/handlers/handlers.go:149.3,152.33 2 1
github.com/macewanCS/w24MacroHard/server/handlers/handlers.go:152.33,157.18 3 1
github.com/macewanCS/w24MacroHard/server/handlers/handlers.go:157.18,160.36 2 1
github.com/macewanCS/w24MacroHard/server/handlers/handlers.go:160.36,167.6 3 1
github.com/macewanCS/w24MacroHard/server/handlers/handlers.go:167.11,173.6 2 0
github.com/macewanCS/w24MacroHard/server/handlers/handlers.go:174.10,182.19 3 0
github.com/macewanCS/w24MacroHard/server/handlers/handlers.go:182.19,185.6 2 0
github.com/macewanCS/w24MacroHard/server/handlers/handlers.go:188.5,191.26 2 0
github.com/macewanCS/w24MacroHard/server/handlers/handlers.go:193.9,193.38 1 0
github.com/macewanCS/w24MacroHard/server/handlers/handlers.go:193.38,198.18 3 0
github.com/macewanCS/w24MacroHard/server/handlers/handlers.go:198.18,201.36 2 0
github.com/macewanCS/w24MacroHard/server/handlers/handlers.go:201.36,208.6 3 0
github.com/macewanCS/w24MacroHard/server/handlers/handlers.go:208.11,212.6 2 0
github.com/macewanCS/w24MacroHard/server/handlers/handlers.go:213.10,221.19 3 0
github.com/macewanCS/w24MacroHard/server/handlers/handlers.go:221.19,224.6 2 0
github.com/macewanCS/w24MacroHard/server/handlers/handlers.go:227.5,230.26 2 0
github.com/macewanCS/w24MacroHard/server/handlers/handlers.go:232.9,232.46 1 0
github.com/macewanCS/w24MacroHard/server/handlers/handlers.go:232.46,234.4 1 0
github.com/macewanCS/w24MacroHard/server/handlers/handlers.go:236.3,236.32 1 1
github.com/macewanCS/w24MacroHard/server/handlers/handlers.go:249.56,250.54 1 1
github.com/macewanCS/w24MacroHard/server/handlers/handlers.go:250.54,263.17 5 1
github.com/macewanCS/w24MacroHard/server/handlers/handlers.go:263.17,267.4 3 1
github.com/macewanCS/w24MacroHard/server/handlers/handlers.go:269.3,270.17 2 1
github.com/macewanCS/w24MacroHard/server/handlers/handlers.go:270.17,273.4 2 0
github.com/macewanCS/w24MacroHard/server/handlers/handlers.go:278.3,279.17 2 1
github.com/macewanCS/w24MacroHard/server/handlers/handlers.go:279.17,281.4 1 0
github.com/macewanCS/w24MacroHard/server/handlers/handlers.go:283.3,283.13 1 1
github.com/macewanCS/w24MacroHard/server/handlers/handlers.go:283.13,285.4 1 1
github.com/macewanCS/w24MacroHard/server/handlers/handlers.go:288.3,288.56 1 1
github.com/macewanCS/w24MacroHard/server/handlers/handlers.go:288.56,290.18 2 1
github.com/macewanCS/w24MacroHard/server/handlers/handlers.go:290.18,293.5 2 0
github.com/macewanCS/w24MacroHard/server/handlers/handlers.go:295.3,307.17 4 1
github.com/macewanCS/w24MacroHard/server/handlers/handlers.go:307.17,311.4 3 0
github.com/macewanCS/w24MacroHard/server/handlers/handlers.go:314.3,314.24 1 1
github.com/macewanCS/w24MacroHard/server/handlers/handlers.go:319.56,320.54 1 1
github.com/macewanCS/w24MacroHard/server/handlers/handlers.go:320.54,335.17 5 1
github.com/macewanCS/w24MacroHard/server/handlers/handlers.go:335.17,339.4 3 1
github.com/macewanCS/w24MacroHard/server/handlers/handlers.go:341.3,342.33 1 0
github.com/macewanCS/w24MacroHard/server/handlers/handlers.go:342.33,345.4 2 0
github.com/macewanCS/w24MacroHard/server/handlers/handlers.go:348.3,349.17 2 0
github.com/macewanCS/w24MacroHard/server/handlers/handlers.go:349.17,352.4 2 0
github.com/macewanCS/w24MacroHard/server/handlers/handlers.go:354.3,358.17 3 0
github.com/macewanCS/w24MacroHard/server/handlers/handlers.go:358.17,362.4 3 0
github.com/macewanCS/w24MacroHard/server/handlers/handlers.go:365.3,375.17 3 0
github.com/macewanCS/w24MacroHard/server/handlers/handlers.go:375.17,379.4 3 0
github.com/macewanCS/w24MacroHard/server/handlers/handlers.go:382.3,382.24 1 0
github.com/macewanCS/w24MacroHard/server/handlers/handlers.go:388.58,389.54 1 0
github.com/macewanCS/w24MacroHard/server/handlers/handlers.go:389.54,397.17 3 0
github.com/macewanCS/w24MacroHard/server/handlers/handlers.go:397.17,401.4 3 0
github.com/macewanCS/w24MacroHard/server/handlers/handlers.go:403.3,405.17 2 0
github.com/macewanCS/w24MacroHard/server/handlers/handlers.go:405.17,408.4 2 0
github.com/macewanCS/w24MacroHard/server/handlers/handlers.go:411.3,411.33 1 0
github.com/macewanCS/w24MacroHard/server/handlers/handlers.go:411.33,413.4 1 0
github.com/macewanCS/w24MacroHard/server/handlers/handlers.go:415.3,427.17 3 0
github.com/macewanCS/w24MacroHard/server/handlers/handlers.go:427.17,431.4 3 0
github.com/macewanCS/w24MacroHard/server/handlers/handlers.go:434.3,436.24 3 0
github.com/macewanCS/w24MacroHard/server/handlers/handlers.go:443.59,444.54 1 1
github.com/macewanCS/w24MacroHard/server/handlers/handlers.go:444.54,448.17 3 1
github.com/macewanCS/w24MacroHard/server/handlers/handlers.go:448.17,452.4 3 0
github.com/macewanCS/w24MacroHard/server/handlers/handlers.go:455.3,455.82 1 1
github.com/macewanCS/w24MacroHard/server/handlers/handlers.go:455.82,458.4 2 0
github.com/macewanCS/w24MacroHard/server/handlers/handlers.go:461.3,462.17 2 1
github.com/macewanCS/w24MacroHard/server/handlers/handlers.go:462.17,466.4 3 0
github.com/macewanCS/w24MacroHard/server/handlers/handlers.go:469.3,470.36 2 1
github.com/macewanCS/w24MacroHard/server/handlers/handlers.go:470.36,473.18 2 1
github.com/macewanCS/w24MacroHard/server/handlers/handlers.go:473.18,477.5 3 0
github.com/macewanCS/w24MacroHard/server/handlers/handlers.go:480.4,481.18 2 1
github.com/macewanCS/w24MacroHard/server/handlers/handlers.go:481.18,485.5 3 0
github.com/macewanCS/w24MacroHard/server/handlers/handlers.go:486.4,486.34 1 1
github.com/macewanCS/w24MacroHard/server/handlers/handlers.go:490.3,490.23 1 1
github.com/macewanCS/w24MacroHard/server/handlers/handlers.go:490.23,492.4 1 0
github.com/macewanCS/w24MacroHard/server/handlers/handlers.go:494.3,502.17 3 1
github.com/macewanCS/w24MacroHard/server/handlers/handlers.go:502.17,506.4 3 0
github.com/macewanCS/w24MacroHard/server/handlers/handlers.go:509.3,511.24 3 1
github.com/macewanCS/w24MacroHard/server/handlers/handlers.go:516.54,517.54 1 0
github.com/macewanCS/w24MacroHard/server/handlers/handlers.go:517.54,523.17 3 0
github.com/macewanCS/w24MacroHard/server/handlers/handlers.go:523.17,527.4 3 0
github.com/macewanCS/w24MacroHard/server/handlers/handlers.go:529.3,532.46 3 0
github.com/macewanCS/w24MacroHard/server/handlers/handlers.go:532.46,534.18 2 0
github.com/macewanCS/w24MacroHard/server/handlers/handlers.go:534.18,537.5 2 0
github.com/macewanCS/w24MacroHard/server/handlers/handlers.go:538.4,538.15 1 0
github.com/macewanCS/w24MacroHard/server/handlers/handlers.go:538.15,541.5 2 0
github.com/macewanCS/w24MacroHard/server/handlers/handlers.go:544.3,545.17 2 0
github.com/macewanCS/w24MacroHard/server/handlers/handlers.go:545.17,548.4 2 0
github.com/macewanCS/w24MacroHard/server/handlers/handlers.go:550.3,550.46 1 0
github.com/macewanCS/w24MacroHard/server/handlers/handlers.go:550.46,552.18 2 0
github.com/macewanCS/w24MacroHard/server/handlers/handlers.go:552.18,555.5 2 0
github.com/macewanCS/w24MacroHard/server/handlers/handlers.go:559.3,567.17 3 0
github.com/macewanCS/w24MacroHard/server/handlers/handlers.go:567.17,571.4 3 0
github.com/macewanCS/w24MacroHard/server/handlers/handlers.go:574.3,576.24 3 0
