mode: set
github.com/macewanCS/w24MacroHard/server/mock/db_config.go:127.43,137.40 2 0
github.com/macewanCS/w24MacroHard/server/mock/db_config.go:137.40,139.3 1 0
github.com/macewanCS/w24MacroHard/server/mock/db_config.go:141.2,141.17 1 0
github.com/macewanCS/w24MacroHard/server/mock/db_config.go:144.39,150.2 2 0
github.com/macewanCS/w24MacroHard/server/mock/db_mock.go:17.52,19.16 2 0
github.com/macewanCS/w24MacroHard/server/mock/db_mock.go:19.16,21.3 1 0
github.com/macewanCS/w24MacroHard/server/mock/db_mock.go:22.2,22.22 1 0
github.com/macewanCS/w24MacroHard/server/mock/db_mock.go:26.67,28.2 1 0
github.com/macewanCS/w24MacroHard/server/mock/db_mock.go:31.65,33.2 1 0
github.com/macewanCS/w24MacroHard/server/mock/db_mock.go:37.60,40.2 1 0
github.com/macewanCS/w24MacroHard/server/mock/db_mock.go:43.62,46.2 1 0
github.com/macewanCS/w24MacroHard/server/mock/db_mock.go:49.70,52.2 1 0
github.com/macewanCS/w24MacroHard/server/mock/db_mock.go:54.72,58.2 1 0
github.com/macewanCS/w24MacroHard/server/mock/db_mock.go:62.81,66.2 1 0
github.com/macewanCS/w24MacroHard/server/mock/db_mock.go:69.64,72.2 1 0
github.com/macewanCS/w24MacroHard/server/mock/db_mock.go:75.68,78.2 1 0
github.com/macewanCS/w24MacroHard/server/mock/db_mock.go:82.79,85.2 1 0
github.com/macewanCS/w24MacroHard/server/mock/db_mock.go:88.85,91.2 1 0
github.com/macewanCS/w24MacroHard/server/mock/db_mock.go:94.77,97.2 1 0
github.com/macewanCS/w24MacroHard/server/mock/db_mock.go:100.110,104.2 1 0
github.com/macewanCS/w24MacroHard/server/main.go:23.15,38.16 10 0
github.com/macewanCS/w24MacroHard/server/main.go:38.16,39.13 1 0
github.com/macewanCS/w24MacroHard/server/main.go:43.2,44.16 2 0
github.com/macewanCS/w24MacroHard/server/main.go:44.16,45.13 1 0
github.com/macewanCS/w24MacroHard/server/main.go:48.2,55.58 4 0
github.com/macewanCS/w24MacroHard/server/main.go:58.13,62.2 3 0
github.com/macewanCS/w24MacroHard/server/main.go:64.28,70.29 3 0
github.com/macewanCS/w24MacroHard/server/main.go:70.29,84.3 5 0
github.com/macewanCS/w24MacroHard/server/main.go:87.2,87.29 1 0
github.com/macewanCS/w24MacroHard/server/main.go:87.29,98.3 9 0
github.com/macewanCS/w24MacroHard/server/main.go:101.2,101.10 1 0
